mode: set
local/pkg/group_str.go:13.34,16.21 1 1
local/pkg/group_str.go:21.2,24.56 2 1
local/pkg/group_str.go:39.2,40.37 2 1
local/pkg/group_str.go:61.2,62.28 2 1
local/pkg/group_str.go:65.2,68.29 2 1
local/pkg/group_str.go:71.2,71.27 1 1
local/pkg/group_str.go:16.21,18.3 1 1
local/pkg/group_str.go:24.56,25.13 1 1
local/pkg/group_str.go:25.13,33.5 1 1
local/pkg/group_str.go:33.10,33.20 1 1
local/pkg/group_str.go:33.20,35.4 1 1
local/pkg/group_str.go:40.37,43.9 3 1
local/pkg/group_str.go:43.9,45.4 1 1
local/pkg/group_str.go:45.9,47.4 1 1
local/pkg/group_str.go:62.28,64.3 1 1
local/pkg/group_str.go:68.29,70.3 1 1
